#
# There is insufficient memory for the Java Runtime Environment to continue.
# Native memory allocation (mmap) failed to map 65536 bytes for Failed to commit metaspace.
# Possible reasons:
#   The system is out of physical RAM or swap space
#   The process is running with CompressedOops enabled, and the Java Heap may be blocking the growth of the native heap
# Possible solutions:
#   Reduce memory load on the system
#   Increase physical memory or swap space
#   Check if swap backing store is full
#   Decrease Java heap size (-Xmx/-Xms)
#   Decrease number of Java threads
#   Decrease Java thread stack sizes (-Xss)
#   Set larger code cache with -XX:ReservedCodeCacheSize=
#   JVM is running with Unscaled Compressed Oops mode in which the Java heap is
#     placed in the first 4GB address space. The Java Heap base address is the
#     maximum limit for the native heap growth. Please use -XX:HeapBaseMinAddress
#     to set the Java Heap base and to place the Java Heap above 4GB virtual address.
# This output file may be truncated or incomplete.
#
#  Out of Memory Error (virtualSpaceNode.cpp:110), pid=18524, tid=804
#
# JRE version: Java(TM) SE Runtime Environment (17.0.7+8) (build 17.0.7+8-LTS-224)
# Java VM: Java HotSpot(TM) 64-Bit Server VM (17.0.7+8-LTS-224, mixed mode, emulated-client, sharing, tiered, compressed oops, compressed class ptrs, g1 gc, windows-amd64)
# No core dump will be written. Minidumps are not enabled by default on client versions of Windows
#

---------------  S U M M A R Y ------------

Command Line: -XX:TieredStopAtLevel=1 -Dspring.output.ansi.enabled=always -Dcom.sun.management.jmxremote -Dspring.jmx.enabled=true -Dspring.liveBeansView.mbeanDomain -Dspring.application.admin.enabled=true -javaagent:C:\Program Files\JetBrains\IntelliJ IDEA 2022.2.2\lib\idea_rt.jar=57448:C:\Program Files\JetBrains\IntelliJ IDEA 2022.2.2\bin -Dfile.encoding=UTF-8 com.fastcampus.pass.PassBatchApplication

Host: Intel(R) Core(TM) i5-8265U CPU @ 1.60GHz, 8 cores, 7G,  Windows 11 , 64 bit Build 22621 (10.0.22621.2506)
Time: Sat Feb 17 22:11:38 2024  Windows 11 , 64 bit Build 22621 (10.0.22621.2506) elapsed time: 2.274666 seconds (0d 0h 0m 2s)

---------------  T H R E A D  ---------------

Current thread (0x000001d869567150):  JavaThread "main" [_thread_in_vm, id=804, stack(0x000000219b400000,0x000000219b500000)]

Stack: [0x000000219b400000,0x000000219b500000]
Native frames: (J=compiled Java code, j=interpreted, Vv=VM code, C=native code)
V  [jvm.dll+0x676a4a]
V  [jvm.dll+0x7d74f4]
V  [jvm.dll+0x7d8c9e]
V  [jvm.dll+0x7d9303]
V  [jvm.dll+0x2452c5]
V  [jvm.dll+0x7d35fb]
V  [jvm.dll+0x61ca36]
V  [jvm.dll+0x1bfbf7]
V  [jvm.dll+0x61f390]
V  [jvm.dll+0x61d3f6]
V  [jvm.dll+0x239a0f]
V  [jvm.dll+0x6270b5]
V  [jvm.dll+0x1e96ad]
V  [jvm.dll+0x1e9c75]
V  [jvm.dll+0x1ea5bb]
V  [jvm.dll+0x1dfdc1]
V  [jvm.dll+0x53cf0c]
V  [jvm.dll+0x752158]
V  [jvm.dll+0x752244]
V  [jvm.dll+0x40b12f]
V  [jvm.dll+0x411149]
C  [java.dll+0x17ec]

Java frames: (J=compiled Java code, j=interpreted, Vv=VM code)
J 1168  java.lang.ClassLoader.defineClass1(Ljava/lang/ClassLoader;Ljava/lang/String;[BIILjava/security/ProtectionDomain;Ljava/lang/String;)Ljava/lang/Class; java.base@17.0.7 (0 bytes) @ 0x000001d871232063 [0x000001d871231fa0+0x00000000000000c3]
J 1255 c1 java.lang.ClassLoader.defineClass(Ljava/lang/String;[BIILjava/security/ProtectionDomain;)Ljava/lang/Class; java.base@17.0.7 (43 bytes) @ 0x000001d871254fdc [0x000001d871254ee0+0x00000000000000fc]
J 1188 c1 jdk.internal.loader.BuiltinClassLoader.defineClass(Ljava/lang/String;Ljdk/internal/loader/Resource;)Ljava/lang/Class; java.base@17.0.7 (121 bytes) @ 0x000001d87123cce4 [0x000001d87123c820+0x00000000000004c4]
J 1166 c1 jdk.internal.loader.BuiltinClassLoader.findClassOnClassPathOrNull(Ljava/lang/String;)Ljava/lang/Class; java.base@17.0.7 (64 bytes) @ 0x000001d8712308b4 [0x000001d871230600+0x00000000000002b4]
J 923 c1 jdk.internal.loader.BuiltinClassLoader.loadClassOrNull(Ljava/lang/String;Z)Ljava/lang/Class; java.base@17.0.7 (143 bytes) @ 0x000001d87114135c [0x000001d871140f00+0x000000000000045c]
J 1060 c1 jdk.internal.loader.ClassLoaders$AppClassLoader.loadClass(Ljava/lang/String;Z)Ljava/lang/Class; java.base@17.0.7 (40 bytes) @ 0x000001d871204e24 [0x000001d871204ce0+0x0000000000000144]
J 1057 c1 java.lang.ClassLoader.loadClass(Ljava/lang/String;)Ljava/lang/Class; java.base@17.0.7 (7 bytes) @ 0x000001d871204264 [0x000001d871204220+0x0000000000000044]
v  ~StubRoutines::call_stub
J 1168  java.lang.ClassLoader.defineClass1(Ljava/lang/ClassLoader;Ljava/lang/String;[BIILjava/security/ProtectionDomain;Ljava/lang/String;)Ljava/lang/Class; java.base@17.0.7 (0 bytes) @ 0x000001d871232063 [0x000001d871231fa0+0x00000000000000c3]
J 1255 c1 java.lang.ClassLoader.defineClass(Ljava/lang/String;[BIILjava/security/ProtectionDomain;)Ljava/lang/Class; java.base@17.0.7 (43 bytes) @ 0x000001d871254fdc [0x000001d871254ee0+0x00000000000000fc]
J 1188 c1 jdk.internal.loader.BuiltinClassLoader.defineClass(Ljava/lang/String;Ljdk/internal/loader/Resource;)Ljava/lang/Class; java.base@17.0.7 (121 bytes) @ 0x000001d87123cce4 [0x000001d87123c820+0x00000000000004c4]
J 1166 c1 jdk.internal.loader.BuiltinClassLoader.findClassOnClassPathOrNull(Ljava/lang/String;)Ljava/lang/Class; java.base@17.0.7 (64 bytes) @ 0x000001d8712308b4 [0x000001d871230600+0x00000000000002b4]
J 923 c1 jdk.internal.loader.BuiltinClassLoader.loadClassOrNull(Ljava/lang/String;Z)Ljava/lang/Class; java.base@17.0.7 (143 bytes) @ 0x000001d87114135c [0x000001d871140f00+0x000000000000045c]
J 1060 c1 jdk.internal.loader.ClassLoaders$AppClassLoader.loadClass(Ljava/lang/String;Z)Ljava/lang/Class; java.base@17.0.7 (40 bytes) @ 0x000001d871204e24 [0x000001d871204ce0+0x0000000000000144]
J 1057 c1 java.lang.ClassLoader.loadClass(Ljava/lang/String;)Ljava/lang/Class; java.base@17.0.7 (7 bytes) @ 0x000001d871204264 [0x000001d871204220+0x0000000000000044]
v  ~StubRoutines::call_stub
J 905  java.lang.Class.forName0(Ljava/lang/String;ZLjava/lang/ClassLoader;Ljava/lang/Class;)Ljava/lang/Class; java.base@17.0.7 (0 bytes) @ 0x000001d87113942f [0x000001d8711393a0+0x000000000000008f]
J 906 c1 java.lang.Class.forName(Ljava/lang/String;ZLjava/lang/ClassLoader;)Ljava/lang/Class; java.base@17.0.7 (47 bytes) @ 0x000001d8711399b4 [0x000001d8711398c0+0x00000000000000f4]
J 2227 c1 org.springframework.util.ClassUtils.forName(Ljava/lang/String;Ljava/lang/ClassLoader;)Ljava/lang/Class; (247 bytes) @ 0x000001d8713d1f6c [0x000001d8713d1ce0+0x000000000000028c]
j  org.springframework.util.ClassUtils.isPresent(Ljava/lang/String;Ljava/lang/ClassLoader;)Z+2
j  org.springframework.boot.jdbc.DataSourceBuilder$MappedDataSourceProperties.allPresent(Ljava/lang/ClassLoader;Ljava/lang/String;[Ljava/lang/String;)Z+2
j  org.springframework.boot.jdbc.DataSourceBuilder$MappedDataSourceProperties.lookup(Ljava/lang/ClassLoader;Ljava/lang/Class;Lorg/springframework/boot/jdbc/DataSourceBuilder$MappedDataSourceProperties;Ljava/lang/String;Ljava/util/function/Supplier;[Ljava/lang/String;)Lorg/springframework/boot/jdbc/DataSourceBuilder$MappedDataSourceProperties;+8
j  org.springframework.boot.jdbc.DataSourceBuilder$MappedDataSourceProperties.lookupPooled(Ljava/lang/ClassLoader;Ljava/lang/Class;)Lorg/springframework/boot/jdbc/DataSourceBuilder$MappedDataSourceProperties;+16
j  org.springframework.boot.jdbc.DataSourceBuilder$MappedDataSourceProperties.forType(Ljava/lang/ClassLoader;Ljava/lang/Class;)Lorg/springframework/boot/jdbc/DataSourceBuilder$MappedDataSourceProperties;+2
j  org.springframework.boot.jdbc.DataSourceBuilder.findType(Ljava/lang/ClassLoader;)Ljava/lang/Class;+2
j  org.springframework.boot.autoconfigure.jdbc.DataSourceAutoConfiguration$PooledDataSourceAvailableCondition.getMatchOutcome(Lorg/springframework/context/annotation/ConditionContext;Lorg/springframework/core/type/AnnotatedTypeMetadata;)Lorg/springframework/boot/autoconfigure/condition/ConditionOutcome;+16
j  org.springframework.boot.autoconfigure.condition.AbstractNestedCondition$MemberOutcomes.getConditionOutcome(Lorg/springframework/core/type/AnnotationMetadata;Lorg/springframework/context/annotation/Condition;)Lorg/springframework/boot/autoconfigure/condition/ConditionOutcome;+16
j  org.springframework.boot.autoconfigure.condition.AbstractNestedCondition$MemberOutcomes.<init>(Lorg/springframework/context/annotation/ConditionContext;Lorg/springframework/core/type/AnnotationMetadata;Ljava/util/List;)V+69
j  org.springframework.boot.autoconfigure.condition.AbstractNestedCondition$MemberConditions.lambda$getMatchOutcomes$0(Ljava/util/List;Lorg/springframework/core/type/AnnotationMetadata;Ljava/util/List;)V+11
j  org.springframework.boot.autoconfigure.condition.AbstractNestedCondition$MemberConditions$$Lambda$358+0x0000000800e0e120.accept(Ljava/lang/Object;Ljava/lang/Object;)V+16
j  java.util.Map.forEach(Ljava/util/function/BiConsumer;)V+72 java.base@17.0.7
j  java.util.Collections$UnmodifiableMap.forEach(Ljava/util/function/BiConsumer;)V+5 java.base@17.0.7
j  org.springframework.boot.autoconfigure.condition.AbstractNestedCondition$MemberConditions.getMatchOutcomes()Ljava/util/List;+19
j  org.springframework.boot.autoconfigure.condition.AbstractNestedCondition$MemberMatchOutcomes.<init>(Lorg/springframework/boot/autoconfigure/condition/AbstractNestedCondition$MemberConditions;)V+6
j  org.springframework.boot.autoconfigure.condition.AbstractNestedCondition.getMatchOutcome(Lorg/springframework/context/annotation/ConditionContext;Lorg/springframework/core/type/AnnotatedTypeMetadata;)Lorg/springframework/boot/autoconfigure/condition/ConditionOutcome;+29
j  org.springframework.boot.autoconfigure.condition.SpringBootCondition.matches(Lorg/springframework/context/annotation/ConditionContext;Lorg/springframework/core/type/AnnotatedTypeMetadata;)Z+8
j  org.springframework.context.annotation.ConditionEvaluator.shouldSkip(Lorg/springframework/core/type/AnnotatedTypeMetadata;Lorg/springframework/context/annotation/ConfigurationCondition$ConfigurationPhase;)Z+235
j  org.springframework.context.annotation.ConfigurationClassParser.processConfigurationClass(Lorg/springframework/context/annotation/ConfigurationClass;Ljava/util/function/Predicate;)V+11
j  org.springframework.context.annotation.ConfigurationClassParser.processMemberClasses(Lorg/springframework/context/annotation/ConfigurationClass;Lorg/springframework/context/annotation/ConfigurationClassParser$SourceClass;Ljava/util/function/Predicate;)V+199
j  org.springframework.context.annotation.ConfigurationClassParser.doProcessConfigurationClass(Lorg/springframework/context/annotation/ConfigurationClass;Lorg/springframework/context/annotation/ConfigurationClassParser$SourceClass;Ljava/util/function/Predicate;)Lorg/springframework/context/annotation/ConfigurationClassParser$SourceClass;+21
j  org.springframework.context.annotation.ConfigurationClassParser.processConfigurationClass(Lorg/springframework/context/annotation/ConfigurationClass;Ljava/util/function/Predicate;)V+106
j  org.springframework.context.annotation.ConfigurationClassParser.processImports(Lorg/springframework/context/annotation/ConfigurationClass;Lorg/springframework/context/annotation/ConfigurationClassParser$SourceClass;Ljava/util/Collection;Ljava/util/function/Predicate;Z)V+296
j  org.springframework.context.annotation.ConfigurationClassParser.access$800(Lorg/springframework/context/annotation/ConfigurationClassParser;Lorg/springframework/context/annotation/ConfigurationClass;Lorg/springframework/context/annotation/ConfigurationClassParser$SourceClass;Ljava/util/Collection;Ljava/util/function/Predicate;Z)V+8
j  org.springframework.context.annotation.ConfigurationClassParser$DeferredImportSelectorGroupingHandler.lambda$processGroupImports$1(Ljava/util/function/Predicate;Lorg/springframework/context/annotation/DeferredImportSelector$Group$Entry;)V+48
j  org.springframework.context.annotation.ConfigurationClassParser$DeferredImportSelectorGroupingHandler$$Lambda$340+0x0000000800e02c38.accept(Ljava/lang/Object;)V+12
j  java.util.ArrayList.forEach(Ljava/util/function/Consumer;)V+46 java.base@17.0.7
j  org.springframework.context.annotation.ConfigurationClassParser$DeferredImportSelectorGroupingHandler.processGroupImports()V+50
j  org.springframework.context.annotation.ConfigurationClassParser$DeferredImportSelectorHandler.process()V+54
j  org.springframework.context.annotation.ConfigurationClassParser.parse(Ljava/util/Set;)V+171
j  org.springframework.context.annotation.ConfigurationClassPostProcessor.processConfigBeanDefinitions(Lorg/springframework/beans/factory/support/BeanDefinitionRegistry;)V+308
j  org.springframework.context.annotation.ConfigurationClassPostProcessor.postProcessBeanDefinitionRegistry(Lorg/springframework/beans/factory/support/BeanDefinitionRegistry;)V+107
j  org.springframework.context.support.PostProcessorRegistrationDelegate.invokeBeanDefinitionRegistryPostProcessors(Ljava/util/Collection;Lorg/springframework/beans/factory/support/BeanDefinitionRegistry;Lorg/springframework/core/metrics/ApplicationStartup;)V+59
j  org.springframework.context.support.PostProcessorRegistrationDelegate.invokeBeanFactoryPostProcessors(Lorg/springframework/beans/factory/config/ConfigurableListableBeanFactory;Ljava/util/List;)V+235
j  org.springframework.context.support.AbstractApplicationContext.invokeBeanFactoryPostProcessors(Lorg/springframework/beans/factory/config/ConfigurableListableBeanFactory;)V+5
j  org.springframework.context.support.AbstractApplicationContext.refresh()V+53
j  org.springframework.boot.SpringApplication.refresh(Lorg/springframework/context/ConfigurableApplicationContext;)V+1
j  org.springframework.boot.SpringApplication.refreshContext(Lorg/springframework/context/ConfigurableApplicationContext;)V+16
j  org.springframework.boot.SpringApplication.run([Ljava/lang/String;)Lorg/springframework/context/ConfigurableApplicationContext;+107
j  org.springframework.boot.SpringApplication.run([Ljava/lang/Class;[Ljava/lang/String;)Lorg/springframework/context/ConfigurableApplicationContext;+9
j  org.springframework.boot.SpringApplication.run(Ljava/lang/Class;[Ljava/lang/String;)Lorg/springframework/context/ConfigurableApplicationContext;+9
j  com.fastcampus.pass.PassBatchApplication.main([Ljava/lang/String;)V+3
v  ~StubRoutines::call_stub

---------------  P R O C E S S  ---------------

Threads class SMR info:
_java_thread_list=0x000001d87cea3280, length=18, elements={
0x000001d869567150, 0x000001d87b3d77d0, 0x000001d87b3d8640, 0x000001d87b3f59b0,
0x000001d87b3f6470, 0x000001d87b3f8f30, 0x000001d87b3fcde0, 0x000001d87b3fdba0,
0x000001d87b4065a0, 0x000001d87b3c2310, 0x000001d87b3c2890, 0x000001d87c095030,
0x000001d87c3a6f00, 0x000001d87c3a73d0, 0x000001d87c889110, 0x000001d87c9b07a0,
0x000001d87cd3b090, 0x000001d87ce32bb0
}

Java Threads: ( => current thread )
=>0x000001d869567150 JavaThread "main" [_thread_in_vm, id=804, stack(0x000000219b400000,0x000000219b500000)]
  0x000001d87b3d77d0 JavaThread "Reference Handler" daemon [_thread_blocked, id=10228, stack(0x000000219bb00000,0x000000219bc00000)]
  0x000001d87b3d8640 JavaThread "Finalizer" daemon [_thread_blocked, id=2612, stack(0x000000219bc00000,0x000000219bd00000)]
  0x000001d87b3f59b0 JavaThread "Signal Dispatcher" daemon [_thread_blocked, id=21620, stack(0x000000219bd00000,0x000000219be00000)]
  0x000001d87b3f6470 JavaThread "Attach Listener" daemon [_thread_blocked, id=9608, stack(0x000000219be00000,0x000000219bf00000)]
  0x000001d87b3f8f30 JavaThread "Service Thread" daemon [_thread_blocked, id=23152, stack(0x000000219bf00000,0x000000219c000000)]
  0x000001d87b3fcde0 JavaThread "Monitor Deflation Thread" daemon [_thread_blocked, id=19620, stack(0x000000219c000000,0x000000219c100000)]
  0x000001d87b3fdba0 JavaThread "C1 CompilerThread0" daemon [_thread_blocked, id=21420, stack(0x000000219c100000,0x000000219c200000)]
  0x000001d87b4065a0 JavaThread "Sweeper thread" daemon [_thread_blocked, id=5284, stack(0x000000219c200000,0x000000219c300000)]
  0x000001d87b3c2310 JavaThread "Common-Cleaner" daemon [_thread_blocked, id=240, stack(0x000000219c300000,0x000000219c400000)]
  0x000001d87b3c2890 JavaThread "C1 CompilerThread1" daemon [_thread_blocked, id=22792, stack(0x000000219c400000,0x000000219c500000)]
  0x000001d87c095030 JavaThread "C1 CompilerThread2" daemon [_thread_blocked, id=21720, stack(0x000000219c500000,0x000000219c600000)]
  0x000001d87c3a6f00 JavaThread "Monitor Ctrl-Break" daemon [_thread_in_native, id=22364, stack(0x000000219c600000,0x000000219c700000)]
  0x000001d87c3a73d0 JavaThread "Notification Thread" daemon [_thread_blocked, id=8548, stack(0x000000219c700000,0x000000219c800000)]
  0x000001d87c889110 JavaThread "RMI TCP Accept-0" daemon [_thread_in_native, id=21120, stack(0x000000219c800000,0x000000219c900000)]
  0x000001d87c9b07a0 JavaThread "C1 CompilerThread3" daemon [_thread_blocked, id=7068, stack(0x000000219ca00000,0x000000219cb00000)]
  0x000001d87cd3b090 JavaThread "RMI TCP Connection(1)-169.254.82.11" daemon [_thread_in_native, id=21804, stack(0x000000219d400000,0x000000219d500000)]
  0x000001d87ce32bb0 JavaThread "RMI Scheduler(0)" daemon [_thread_blocked, id=8268, stack(0x000000219d500000,0x000000219d600000)]

Other Threads:
  0x000001d87b3d3be0 VMThread "VM Thread" [stack: 0x000000219ba00000,0x000000219bb00000] [id=7476]
  0x000001d869567fc0 WatcherThread [stack: 0x000000219c900000,0x000000219ca00000] [id=20624]
  0x000001d8695c3df0 GCTaskThread "GC Thread#0" [stack: 0x000000219b500000,0x000000219b600000] [id=10288]
  0x000001d87cbc7c30 GCTaskThread "GC Thread#1" [stack: 0x000000219cb00000,0x000000219cc00000] [id=4408]
  0x000001d87cbc4040 GCTaskThread "GC Thread#2" [stack: 0x000000219cc00000,0x000000219cd00000] [id=21988]
  0x000001d87cbedf90 GCTaskThread "GC Thread#3" [stack: 0x000000219cd00000,0x000000219ce00000] [id=4832]
  0x000001d87cbee240 GCTaskThread "GC Thread#4" [stack: 0x000000219ce00000,0x000000219cf00000] [id=9060]
  0x000001d87cbee4f0 GCTaskThread "GC Thread#5" [stack: 0x000000219cf00000,0x000000219d000000] [id=17196]
  0x000001d87cbef450 GCTaskThread "GC Thread#6" [stack: 0x000000219d000000,0x000000219d100000] [id=18064]
  0x000001d87cbf0390 GCTaskThread "GC Thread#7" [stack: 0x000000219d100000,0x000000219d200000] [id=19224]
  0x000001d8695d0870 ConcurrentGCThread "G1 Main Marker" [stack: 0x000000219b600000,0x000000219b700000] [id=20940]
  0x000001d8695d1930 ConcurrentGCThread "G1 Conc#0" [stack: 0x000000219b700000,0x000000219b800000] [id=14796]
  0x000001d86961d8c0 ConcurrentGCThread "G1 Refine#0" [stack: 0x000000219b800000,0x000000219b900000] [id=11752]
  0x000001d87cbf9360 ConcurrentGCThread "G1 Refine#1" [stack: 0x000000219d200000,0x000000219d300000] [id=14876]
  0x000001d87cbc5000 ConcurrentGCThread "G1 Refine#2" [stack: 0x000000219d300000,0x000000219d400000] [id=10116]
  0x000001d86961e2e0 ConcurrentGCThread "G1 Service" [stack: 0x000000219b900000,0x000000219ba00000] [id=21496]

Threads with active compile tasks:

VM state: not at safepoint (normal execution)

VM Mutex/Monitor currently owned by a thread:  ([mutex/lock_event])
[0x000001d869562d70] Metaspace_lock - owner thread: 0x000001d869567150

Heap address: 0x0000000083200000, size: 1998 MB, Compressed Oops mode: 32-bit

CDS archive(s) mapped at: [0x0000000800000000-0x0000000800bd0000-0x0000000800bd0000), size 12386304, SharedBaseAddress: 0x0000000800000000, ArchiveRelocationMode: 0.
Compressed class space mapped at: 0x0000000800c00000-0x0000000840c00000, reserved size: 1073741824
Narrow klass base: 0x0000000800000000, Narrow klass shift: 0, Narrow klass range: 0x100000000

GC Precious Log:
 CPUs: 8 total, 8 available
 Memory: 7986M
 Large Page Support: Disabled
 NUMA Support: Disabled
 Compressed Oops: Enabled (32-bit)
 Heap Region Size: 1M
 Heap Min Capacity: 8M
 Heap Initial Capacity: 126M
 Heap Max Capacity: 1998M
 Pre-touch: Disabled
 Parallel Workers: 8
 Concurrent Workers: 2
 Concurrent Refinement Workers: 8
 Periodic GC: Disabled

Heap:
 garbage-first heap   total 129024K, used 26566K [0x0000000083200000, 0x0000000100000000)
  region size 1024K, 20 young (20480K), 2 survivors (2048K)
 Metaspace       used 14398K, committed 14656K, reserved 1064960K
  class space    used 1970K, committed 2112K, reserved 1048576K

Heap Regions: E=young(eden), S=young(survivor), O=old, HS=humongous(starts), HC=humongous(continues), CS=collection set, F=free, OA=open archive, CA=closed archive, TAMS=top-at-mark-start (previous, next)
|   0|0x0000000083200000, 0x0000000083300000, 0x0000000083300000|100%|HS|  |TAMS 0x0000000083200000, 0x0000000083200000| Complete 
|   1|0x0000000083300000, 0x0000000083400000, 0x0000000083400000|100%| O|  |TAMS 0x0000000083300000, 0x0000000083300000| Untracked 
|   2|0x0000000083400000, 0x0000000083500000, 0x0000000083500000|100%| O|  |TAMS 0x0000000083400000, 0x0000000083400000| Untracked 
|   3|0x0000000083500000, 0x0000000083600000, 0x0000000083600000|100%| O|  |TAMS 0x0000000083500000, 0x0000000083500000| Untracked 
|   4|0x0000000083600000, 0x0000000083700000, 0x0000000083700000|100%| O|  |TAMS 0x0000000083600000, 0x0000000083600000| Untracked 
|   5|0x0000000083700000, 0x0000000083800000, 0x0000000083800000|100%| O|  |TAMS 0x0000000083700000, 0x0000000083700000| Untracked 
|   6|0x0000000083800000, 0x0000000083900000, 0x0000000083900000|100%| O|  |TAMS 0x0000000083800000, 0x0000000083800000| Untracked 
|   7|0x0000000083900000, 0x0000000083955a00, 0x0000000083a00000| 33%| O|  |TAMS 0x0000000083900000, 0x0000000083900000| Untracked 
|   8|0x0000000083a00000, 0x0000000083a00000, 0x0000000083b00000|  0%| F|  |TAMS 0x0000000083a00000, 0x0000000083a00000| Untracked 
|   9|0x0000000083b00000, 0x0000000083b00000, 0x0000000083c00000|  0%| F|  |TAMS 0x0000000083b00000, 0x0000000083b00000| Untracked 
|  10|0x0000000083c00000, 0x0000000083c00000, 0x0000000083d00000|  0%| F|  |TAMS 0x0000000083c00000, 0x0000000083c00000| Untracked 
|  11|0x0000000083d00000, 0x0000000083d00000, 0x0000000083e00000|  0%| F|  |TAMS 0x0000000083d00000, 0x0000000083d00000| Untracked 
|  12|0x0000000083e00000, 0x0000000083e00000, 0x0000000083f00000|  0%| F|  |TAMS 0x0000000083e00000, 0x0000000083e00000| Untracked 
|  13|0x0000000083f00000, 0x0000000083f00000, 0x0000000084000000|  0%| F|  |TAMS 0x0000000083f00000, 0x0000000083f00000| Untracked 
|  14|0x0000000084000000, 0x0000000084000000, 0x0000000084100000|  0%| F|  |TAMS 0x0000000084000000, 0x0000000084000000| Untracked 
|  15|0x0000000084100000, 0x0000000084100000, 0x0000000084200000|  0%| F|  |TAMS 0x0000000084100000, 0x0000000084100000| Untracked 
|  16|0x0000000084200000, 0x0000000084200000, 0x0000000084300000|  0%| F|  |TAMS 0x0000000084200000, 0x0000000084200000| Untracked 
|  17|0x0000000084300000, 0x0000000084300000, 0x0000000084400000|  0%| F|  |TAMS 0x0000000084300000, 0x0000000084300000| Untracked 
|  18|0x0000000084400000, 0x0000000084400000, 0x0000000084500000|  0%| F|  |TAMS 0x0000000084400000, 0x0000000084400000| Untracked 
|  19|0x0000000084500000, 0x0000000084500000, 0x0000000084600000|  0%| F|  |TAMS 0x0000000084500000, 0x0000000084500000| Untracked 
|  20|0x0000000084600000, 0x0000000084600000, 0x0000000084700000|  0%| F|  |TAMS 0x0000000084600000, 0x0000000084600000| Untracked 
|  21|0x0000000084700000, 0x0000000084700000, 0x0000000084800000|  0%| F|  |TAMS 0x0000000084700000, 0x0000000084700000| Untracked 
|  22|0x0000000084800000, 0x0000000084800000, 0x0000000084900000|  0%| F|  |TAMS 0x0000000084800000, 0x0000000084800000| Untracked 
|  23|0x0000000084900000, 0x0000000084900000, 0x0000000084a00000|  0%| F|  |TAMS 0x0000000084900000, 0x0000000084900000| Untracked 
|  24|0x0000000084a00000, 0x0000000084a00000, 0x0000000084b00000|  0%| F|  |TAMS 0x0000000084a00000, 0x0000000084a00000| Untracked 
|  25|0x0000000084b00000, 0x0000000084b00000, 0x0000000084c00000|  0%| F|  |TAMS 0x0000000084b00000, 0x0000000084b00000| Untracked 
|  26|0x0000000084c00000, 0x0000000084c00000, 0x0000000084d00000|  0%| F|  |TAMS 0x0000000084c00000, 0x0000000084c00000| Untracked 
|  27|0x0000000084d00000, 0x0000000084d00000, 0x0000000084e00000|  0%| F|  |TAMS 0x0000000084d00000, 0x0000000084d00000| Untracked 
|  28|0x0000000084e00000, 0x0000000084e00000, 0x0000000084f00000|  0%| F|  |TAMS 0x0000000084e00000, 0x0000000084e00000| Untracked 
|  29|0x0000000084f00000, 0x0000000084f00000, 0x0000000085000000|  0%| F|  |TAMS 0x0000000084f00000, 0x0000000084f00000| Untracked 
|  30|0x0000000085000000, 0x0000000085000000, 0x0000000085100000|  0%| F|  |TAMS 0x0000000085000000, 0x0000000085000000| Untracked 
|  31|0x0000000085100000, 0x0000000085100000, 0x0000000085200000|  0%| F|  |TAMS 0x0000000085100000, 0x0000000085100000| Untracked 
|  32|0x0000000085200000, 0x0000000085200000, 0x0000000085300000|  0%| F|  |TAMS 0x0000000085200000, 0x0000000085200000| Untracked 
|  33|0x0000000085300000, 0x0000000085300000, 0x0000000085400000|  0%| F|  |TAMS 0x0000000085300000, 0x0000000085300000| Untracked 
|  34|0x0000000085400000, 0x0000000085400000, 0x0000000085500000|  0%| F|  |TAMS 0x0000000085400000, 0x0000000085400000| Untracked 
|  35|0x0000000085500000, 0x0000000085500000, 0x0000000085600000|  0%| F|  |TAMS 0x0000000085500000, 0x0000000085500000| Untracked 
|  36|0x0000000085600000, 0x0000000085600000, 0x0000000085700000|  0%| F|  |TAMS 0x0000000085600000, 0x0000000085600000| Untracked 
|  37|0x0000000085700000, 0x0000000085700000, 0x0000000085800000|  0%| F|  |TAMS 0x0000000085700000, 0x0000000085700000| Untracked 
|  38|0x0000000085800000, 0x0000000085800000, 0x0000000085900000|  0%| F|  |TAMS 0x0000000085800000, 0x0000000085800000| Untracked 
|  39|0x0000000085900000, 0x0000000085900000, 0x0000000085a00000|  0%| F|  |TAMS 0x0000000085900000, 0x0000000085900000| Untracked 
|  40|0x0000000085a00000, 0x0000000085a00000, 0x0000000085b00000|  0%| F|  |TAMS 0x0000000085a00000, 0x0000000085a00000| Untracked 
|  41|0x0000000085b00000, 0x0000000085b00000, 0x0000000085c00000|  0%| F|  |TAMS 0x0000000085b00000, 0x0000000085b00000| Untracked 
|  42|0x0000000085c00000, 0x0000000085c00000, 0x0000000085d00000|  0%| F|  |TAMS 0x0000000085c00000, 0x0000000085c00000| Untracked 
|  43|0x0000000085d00000, 0x0000000085d00000, 0x0000000085e00000|  0%| F|  |TAMS 0x0000000085d00000, 0x0000000085d00000| Untracked 
|  44|0x0000000085e00000, 0x0000000085e00000, 0x0000000085f00000|  0%| F|  |TAMS 0x0000000085e00000, 0x0000000085e00000| Untracked 
|  45|0x0000000085f00000, 0x0000000085f00000, 0x0000000086000000|  0%| F|  |TAMS 0x0000000085f00000, 0x0000000085f00000| Untracked 
|  46|0x0000000086000000, 0x0000000086000000, 0x0000000086100000|  0%| F|  |TAMS 0x0000000086000000, 0x0000000086000000| Untracked 
|  47|0x0000000086100000, 0x0000000086100000, 0x0000000086200000|  0%| F|  |TAMS 0x0000000086100000, 0x0000000086100000| Untracked 
|  48|0x0000000086200000, 0x0000000086200000, 0x0000000086300000|  0%| F|  |TAMS 0x0000000086200000, 0x0000000086200000| Untracked 
|  49|0x0000000086300000, 0x0000000086300000, 0x0000000086400000|  0%| F|  |TAMS 0x0000000086300000, 0x0000000086300000| Untracked 
|  50|0x0000000086400000, 0x0000000086400000, 0x0000000086500000|  0%| F|  |TAMS 0x0000000086400000, 0x0000000086400000| Untracked 
|  51|0x0000000086500000, 0x0000000086500000, 0x0000000086600000|  0%| F|  |TAMS 0x0000000086500000, 0x0000000086500000| Untracked 
|  52|0x0000000086600000, 0x0000000086600000, 0x0000000086700000|  0%| F|  |TAMS 0x0000000086600000, 0x0000000086600000| Untracked 
|  53|0x0000000086700000, 0x0000000086700000, 0x0000000086800000|  0%| F|  |TAMS 0x0000000086700000, 0x0000000086700000| Untracked 
|  54|0x0000000086800000, 0x0000000086800000, 0x0000000086900000|  0%| F|  |TAMS 0x0000000086800000, 0x0000000086800000| Untracked 
|  55|0x0000000086900000, 0x0000000086900000, 0x0000000086a00000|  0%| F|  |TAMS 0x0000000086900000, 0x0000000086900000| Untracked 
|  56|0x0000000086a00000, 0x0000000086a00000, 0x0000000086b00000|  0%| F|  |TAMS 0x0000000086a00000, 0x0000000086a00000| Untracked 
|  57|0x0000000086b00000, 0x0000000086b00000, 0x0000000086c00000|  0%| F|  |TAMS 0x0000000086b00000, 0x0000000086b00000| Untracked 
|  58|0x0000000086c00000, 0x0000000086c00000, 0x0000000086d00000|  0%| F|  |TAMS 0x0000000086c00000, 0x0000000086c00000| Untracked 
|  59|0x0000000086d00000, 0x0000000086d00000, 0x0000000086e00000|  0%| F|  |TAMS 0x0000000086d00000, 0x0000000086d00000| Untracked 
|  60|0x0000000086e00000, 0x0000000086e00000, 0x0000000086f00000|  0%| F|  |TAMS 0x0000000086e00000, 0x0000000086e00000| Untracked 
|  61|0x0000000086f00000, 0x0000000086f00000, 0x0000000087000000|  0%| F|  |TAMS 0x0000000086f00000, 0x0000000086f00000| Untracked 
|  62|0x0000000087000000, 0x0000000087000000, 0x0000000087100000|  0%| F|  |TAMS 0x0000000087000000, 0x0000000087000000| Untracked 
|  63|0x0000000087100000, 0x0000000087100000, 0x0000000087200000|  0%| F|  |TAMS 0x0000000087100000, 0x0000000087100000| Untracked 
|  64|0x0000000087200000, 0x0000000087200000, 0x0000000087300000|  0%| F|  |TAMS 0x0000000087200000, 0x0000000087200000| Untracked 
|  65|0x0000000087300000, 0x0000000087300000, 0x0000000087400000|  0%| F|  |TAMS 0x0000000087300000, 0x0000000087300000| Untracked 
|  66|0x0000000087400000, 0x0000000087400000, 0x0000000087500000|  0%| F|  |TAMS 0x0000000087400000, 0x0000000087400000| Untracked 
|  67|0x0000000087500000, 0x0000000087500000, 0x0000000087600000|  0%| F|  |TAMS 0x0000000087500000, 0x0000000087500000| Untracked 
|  68|0x0000000087600000, 0x0000000087600000, 0x0000000087700000|  0%| F|  |TAMS 0x0000000087600000, 0x0000000087600000| Untracked 
|  69|0x0000000087700000, 0x0000000087700000, 0x0000000087800000|  0%| F|  |TAMS 0x0000000087700000, 0x0000000087700000| Untracked 
|  70|0x0000000087800000, 0x0000000087800000, 0x0000000087900000|  0%| F|  |TAMS 0x0000000087800000, 0x0000000087800000| Untracked 
|  71|0x0000000087900000, 0x0000000087900000, 0x0000000087a00000|  0%| F|  |TAMS 0x0000000087900000, 0x0000000087900000| Untracked 
|  72|0x0000000087a00000, 0x0000000087a00000, 0x0000000087b00000|  0%| F|  |TAMS 0x0000000087a00000, 0x0000000087a00000| Untracked 
|  73|0x0000000087b00000, 0x0000000087b00000, 0x0000000087c00000|  0%| F|  |TAMS 0x0000000087b00000, 0x0000000087b00000| Untracked 
|  74|0x0000000087c00000, 0x0000000087c00000, 0x0000000087d00000|  0%| F|  |TAMS 0x0000000087c00000, 0x0000000087c00000| Untracked 
|  75|0x0000000087d00000, 0x0000000087d00000, 0x0000000087e00000|  0%| F|  |TAMS 0x0000000087d00000, 0x0000000087d00000| Untracked 
|  76|0x0000000087e00000, 0x0000000087e00000, 0x0000000087f00000|  0%| F|  |TAMS 0x0000000087e00000, 0x0000000087e00000| Untracked 
|  77|0x0000000087f00000, 0x0000000087f00000, 0x0000000088000000|  0%| F|  |TAMS 0x0000000087f00000, 0x0000000087f00000| Untracked 
|  78|0x0000000088000000, 0x0000000088000000, 0x0000000088100000|  0%| F|  |TAMS 0x0000000088000000, 0x0000000088000000| Untracked 
|  79|0x0000000088100000, 0x0000000088100000, 0x0000000088200000|  0%| F|  |TAMS 0x0000000088100000, 0x0000000088100000| Untracked 
|  80|0x0000000088200000, 0x0000000088200000, 0x0000000088300000|  0%| F|  |TAMS 0x0000000088200000, 0x0000000088200000| Untracked 
|  81|0x0000000088300000, 0x0000000088300000, 0x0000000088400000|  0%| F|  |TAMS 0x0000000088300000, 0x0000000088300000| Untracked 
|  82|0x0000000088400000, 0x0000000088400000, 0x0000000088500000|  0%| F|  |TAMS 0x0000000088400000, 0x0000000088400000| Untracked 
|  83|0x0000000088500000, 0x0000000088500000, 0x0000000088600000|  0%| F|  |TAMS 0x0000000088500000, 0x0000000088500000| Untracked 
|  84|0x0000000088600000, 0x0000000088600000, 0x0000000088700000|  0%| F|  |TAMS 0x0000000088600000, 0x0000000088600000| Untracked 
|  85|0x0000000088700000, 0x0000000088700000, 0x0000000088800000|  0%| F|  |TAMS 0x0000000088700000, 0x0000000088700000| Untracked 
|  86|0x0000000088800000, 0x0000000088800000, 0x0000000088900000|  0%| F|  |TAMS 0x0000000088800000, 0x0000000088800000| Untracked 
|  87|0x0000000088900000, 0x0000000088900000, 0x0000000088a00000|  0%| F|  |TAMS 0x0000000088900000, 0x0000000088900000| Untracked 
|  88|0x0000000088a00000, 0x0000000088a00000, 0x0000000088b00000|  0%| F|  |TAMS 0x0000000088a00000, 0x0000000088a00000| Untracked 
|  89|0x0000000088b00000, 0x0000000088b00000, 0x0000000088c00000|  0%| F|  |TAMS 0x0000000088b00000, 0x0000000088b00000| Untracked 
|  90|0x0000000088c00000, 0x0000000088c00000, 0x0000000088d00000|  0%| F|  |TAMS 0x0000000088c00000, 0x0000000088c00000| Untracked 
|  91|0x0000000088d00000, 0x0000000088d00000, 0x0000000088e00000|  0%| F|  |TAMS 0x0000000088d00000, 0x0000000088d00000| Untracked 
|  92|0x0000000088e00000, 0x0000000088e00000, 0x0000000088f00000|  0%| F|  |TAMS 0x0000000088e00000, 0x0000000088e00000| Untracked 
|  93|0x0000000088f00000, 0x0000000088f00000, 0x0000000089000000|  0%| F|  |TAMS 0x0000000088f00000, 0x0000000088f00000| Untracked 
|  94|0x0000000089000000, 0x0000000089000000, 0x0000000089100000|  0%| F|  |TAMS 0x0000000089000000, 0x0000000089000000| Untracked 
|  95|0x0000000089100000, 0x0000000089100000, 0x0000000089200000|  0%| F|  |TAMS 0x0000000089100000, 0x0000000089100000| Untracked 
|  96|0x0000000089200000, 0x0000000089200000, 0x0000000089300000|  0%| F|  |TAMS 0x0000000089200000, 0x0000000089200000| Untracked 
|  97|0x0000000089300000, 0x0000000089300000, 0x0000000089400000|  0%| F|  |TAMS 0x0000000089300000, 0x0000000089300000| Untracked 
|  98|0x0000000089400000, 0x0000000089400000, 0x0000000089500000|  0%| F|  |TAMS 0x0000000089400000, 0x0000000089400000| Untracked 
|  99|0x0000000089500000, 0x0000000089500000, 0x0000000089600000|  0%| F|  |TAMS 0x0000000089500000, 0x0000000089500000| Untracked 
| 100|0x0000000089600000, 0x0000000089600000, 0x0000000089700000|  0%| F|  |TAMS 0x0000000089600000, 0x0000000089600000| Untracked 
| 101|0x0000000089700000, 0x0000000089700000, 0x0000000089800000|  0%| F|  |TAMS 0x0000000089700000, 0x0000000089700000| Untracked 
| 102|0x0000000089800000, 0x0000000089800000, 0x0000000089900000|  0%| F|  |TAMS 0x0000000089800000, 0x0000000089800000| Untracked 
| 103|0x0000000089900000, 0x000000008999bf80, 0x0000000089a00000| 60%| S|CS|TAMS 0x0000000089900000, 0x0000000089900000| Complete 
| 104|0x0000000089a00000, 0x0000000089b00000, 0x0000000089b00000|100%| S|CS|TAMS 0x0000000089a00000, 0x0000000089a00000| Complete 
| 105|0x0000000089b00000, 0x0000000089b00000, 0x0000000089c00000|  0%| F|  |TAMS 0x0000000089b00000, 0x0000000089b00000| Untracked 
| 106|0x0000000089c00000, 0x0000000089c00000, 0x0000000089d00000|  0%| F|  |TAMS 0x0000000089c00000, 0x0000000089c00000| Untracked 
| 107|0x0000000089d00000, 0x0000000089d00000, 0x0000000089e00000|  0%| F|  |TAMS 0x0000000089d00000, 0x0000000089d00000| Untracked 
| 108|0x0000000089e00000, 0x0000000089e85bb0, 0x0000000089f00000| 52%| E|  |TAMS 0x0000000089e00000, 0x0000000089e00000| Complete 
| 109|0x0000000089f00000, 0x000000008a000000, 0x000000008a000000|100%| E|CS|TAMS 0x0000000089f00000, 0x0000000089f00000| Complete 
| 110|0x000000008a000000, 0x000000008a100000, 0x000000008a100000|100%| E|CS|TAMS 0x000000008a000000, 0x000000008a000000| Complete 
| 111|0x000000008a100000, 0x000000008a200000, 0x000000008a200000|100%| E|CS|TAMS 0x000000008a100000, 0x000000008a100000| Complete 
| 112|0x000000008a200000, 0x000000008a300000, 0x000000008a300000|100%| E|CS|TAMS 0x000000008a200000, 0x000000008a200000| Complete 
| 113|0x000000008a300000, 0x000000008a400000, 0x000000008a400000|100%| E|CS|TAMS 0x000000008a300000, 0x000000008a300000| Complete 
| 114|0x000000008a400000, 0x000000008a500000, 0x000000008a500000|100%| E|CS|TAMS 0x000000008a400000, 0x000000008a400000| Complete 
| 115|0x000000008a500000, 0x000000008a600000, 0x000000008a600000|100%| E|CS|TAMS 0x000000008a500000, 0x000000008a500000| Complete 
| 116|0x000000008a600000, 0x000000008a700000, 0x000000008a700000|100%| E|CS|TAMS 0x000000008a600000, 0x000000008a600000| Complete 
| 117|0x000000008a700000, 0x000000008a800000, 0x000000008a800000|100%| E|CS|TAMS 0x000000008a700000, 0x000000008a700000| Complete 
| 118|0x000000008a800000, 0x000000008a900000, 0x000000008a900000|100%| E|CS|TAMS 0x000000008a800000, 0x000000008a800000| Complete 
| 119|0x000000008a900000, 0x000000008aa00000, 0x000000008aa00000|100%| E|CS|TAMS 0x000000008a900000, 0x000000008a900000| Complete 
| 120|0x000000008aa00000, 0x000000008ab00000, 0x000000008ab00000|100%| E|CS|TAMS 0x000000008aa00000, 0x000000008aa00000| Complete 
| 121|0x000000008ab00000, 0x000000008ac00000, 0x000000008ac00000|100%| E|CS|TAMS 0x000000008ab00000, 0x000000008ab00000| Complete 
| 122|0x000000008ac00000, 0x000000008ad00000, 0x000000008ad00000|100%| E|CS|TAMS 0x000000008ac00000, 0x000000008ac00000| Complete 
| 123|0x000000008ad00000, 0x000000008ae00000, 0x000000008ae00000|100%| E|CS|TAMS 0x000000008ad00000, 0x000000008ad00000| Complete 
| 124|0x000000008ae00000, 0x000000008af00000, 0x000000008af00000|100%| E|CS|TAMS 0x000000008ae00000, 0x000000008ae00000| Complete 
| 125|0x000000008af00000, 0x000000008b000000, 0x000000008b000000|100%| E|CS|TAMS 0x000000008af00000, 0x000000008af00000| Complete 

Card table byte_map: [0x000001d8742d0000,0x000001d8746c0000] _byte_map_base: 0x000001d873eb7000

Marking Bits (Prev, Next): (CMBitMap*) 0x000001d8695c4400, (CMBitMap*) 0x000001d8695c4440
 Prev Bits: [0x000001d874ab0000, 0x000001d8769e8000)
 Next Bits: [0x000001d8769f0000, 0x000001d878928000)

Polling page: 0x000001d868d20000

Metaspace:

Usage:
  Non-class:     12.14 MB used.
      Class:      1.92 MB used.
       Both:     14.06 MB used.

Virtual space:
  Non-class space:       16.00 MB reserved,      12.25 MB ( 77%) committed,  2 nodes.
      Class space:        1.00 GB reserved,       2.06 MB ( <1%) committed,  1 nodes.
             Both:        1.02 GB reserved,      14.31 MB (  1%) committed. 

Chunk freelists:
   Non-Class:  3.17 MB
       Class:  1.95 MB
        Both:  5.12 MB

MaxMetaspaceSize: unlimited
CompressedClassSpaceSize: 1.00 GB
Initial GC threshold: 21.00 MB
Current GC threshold: 21.00 MB
CDS: on
MetaspaceReclaimPolicy: balanced
 - commit_granule_bytes: 65536.
 - commit_granule_words: 8192.
 - virtual_space_node_default_size: 1048576.
 - enlarge_chunks_in_place: 1.
 - new_chunks_are_fully_committed: 0.
 - uncommit_free_chunks: 1.
 - use_allocation_guard: 0.
 - handle_deallocations: 1.


Internal statistics:

num_allocs_failed_limit: 0.
num_arena_births: 250.
num_arena_deaths: 0.
num_vsnodes_births: 3.
num_vsnodes_deaths: 0.
num_space_committed: 229.
num_space_uncommitted: 0.
num_chunks_returned_to_freelist: 0.
num_chunks_taken_from_freelist: 655.
num_chunk_merges: 0.
num_chunk_splits: 424.
num_chunks_enlarged: 294.
num_purges: 0.
num_inconsistent_stats: 0.

CodeCache: size=49152Kb used=6160Kb max_used=6160Kb free=42991Kb
 bounds [0x000001d870dd0000, 0x000001d8713e0000, 0x000001d873dd0000]
 total_blobs=2703 nmethods=2229 adapters=398
 compilation: enabled
              stopped_count=0, restarted_count=0
 full_count=0

Compilation events (20 events):
Event: 2.253 Thread 0x000001d87b3c2890 nmethod 2216 0x000001d8713c9010 code [0x000001d8713c9600, 0x000001d8713cbc68]
Event: 2.253 Thread 0x000001d87c9b07a0 nmethod 2220 0x000001d8713cd590 code [0x000001d8713cd720, 0x000001d8713cd808]
Event: 2.253 Thread 0x000001d87b3c2890 2221       1       org.springframework.asm.ClassReader::readClass (7 bytes)
Event: 2.253 Thread 0x000001d87b3fdba0 2222       1       org.springframework.asm.ClassReader::readStringish (16 bytes)
Event: 2.254 Thread 0x000001d87b3c2890 nmethod 2221 0x000001d8713cd890 code [0x000001d8713cda40, 0x000001d8713cdc48]
Event: 2.254 Thread 0x000001d87b3fdba0 nmethod 2222 0x000001d8713cde10 code [0x000001d8713cdfc0, 0x000001d8713ce1c8]
Event: 2.254 Thread 0x000001d87b3fdba0 2223   !   1       sun.net.www.ParseUtil::decode (317 bytes)
Event: 2.258 Thread 0x000001d87b3fdba0 nmethod 2223 0x000001d8713ce390 code [0x000001d8713ce740, 0x000001d8713cfb18]
Event: 2.260 Thread 0x000001d87b3fdba0 2224       1       org.springframework.asm.Type::getType (10 bytes)
Event: 2.260 Thread 0x000001d87b3c2890 2225       1       org.springframework.core.type.classreading.SimpleAnnotationMetadataReadingVisitor::toClassName (5 bytes)
Event: 2.260 Thread 0x000001d87c9b07a0 2226       1       org.springframework.util.ClassUtils::convertResourcePathToClassName (15 bytes)
Event: 2.260 Thread 0x000001d87c095030 2227   !   1       org.springframework.util.ClassUtils::forName (247 bytes)
Event: 2.260 Thread 0x000001d87c9b07a0 nmethod 2226 0x000001d8713d0910 code [0x000001d8713d0ac0, 0x000001d8713d0c38]
Event: 2.260 Thread 0x000001d87c9b07a0 2228       1       org.springframework.util.ClassUtils::resolvePrimitiveClassName (30 bytes)
Event: 2.260 Thread 0x000001d87b3c2890 nmethod 2225 0x000001d8713d0d10 code [0x000001d8713d0ec0, 0x000001d8713d1058]
Event: 2.260 Thread 0x000001d87b3fdba0 nmethod 2224 0x000001d8713d1190 code [0x000001d8713d1320, 0x000001d8713d1408]
Event: 2.260 Thread 0x000001d87c9b07a0 nmethod 2228 0x000001d8713d1510 code [0x000001d8713d16c0, 0x000001d8713d1848]
Event: 2.260 Thread 0x000001d87b3fdba0 2229   !   1       org.springframework.core.io.DefaultResourceLoader::getResource (144 bytes)
Event: 2.261 Thread 0x000001d87c095030 nmethod 2227 0x000001d8713d1990 code [0x000001d8713d1ce0, 0x000001d8713d2808]
Event: 2.261 Thread 0x000001d87b3fdba0 nmethod 2229 0x000001d8713d3010 code [0x000001d8713d32e0, 0x000001d8713d3c98]

GC Heap History (4 events):
Event: 1.282 GC heap before
{Heap before GC invocations=0 (full 0):
 garbage-first heap   total 129024K, used 23552K [0x0000000083200000, 0x0000000100000000)
  region size 1024K, 23 young (23552K), 0 survivors (0K)
 Metaspace       used 7311K, committed 7424K, reserved 1056768K
  class space    used 924K, committed 960K, reserved 1048576K
}
Event: 1.291 GC heap after
{Heap after GC invocations=1 (full 0):
 garbage-first heap   total 129024K, used 7275K [0x0000000083200000, 0x0000000100000000)
  region size 1024K, 3 young (3072K), 3 survivors (3072K)
 Metaspace       used 7311K, committed 7424K, reserved 1056768K
  class space    used 924K, committed 960K, reserved 1048576K
}
Event: 1.888 GC heap before
{Heap before GC invocations=1 (full 0):
 garbage-first heap   total 129024K, used 28779K [0x0000000083200000, 0x0000000100000000)
  region size 1024K, 24 young (24576K), 3 survivors (3072K)
 Metaspace       used 11494K, committed 11712K, reserved 1064960K
  class space    used 1595K, committed 1728K, reserved 1048576K
}
Event: 1.894 GC heap after
{Heap after GC invocations=2 (full 0):
 garbage-first heap   total 129024K, used 9158K [0x0000000083200000, 0x0000000100000000)
  region size 1024K, 2 young (2048K), 2 survivors (2048K)
 Metaspace       used 11494K, committed 11712K, reserved 1064960K
  class space    used 1595K, committed 1728K, reserved 1048576K
}

Deoptimization events (2 events):
Event: 1.874 Thread 0x000001d869567150 DEOPT PACKING pc=0x000001d87133ad99 sp=0x000000219b4fd1f0
Event: 1.874 Thread 0x000001d869567150 DEOPT UNPACKING pc=0x000001d870e22b43 sp=0x000000219b4fc6d0 mode 3

Classes unloaded (0 events):
No events

Classes redefined (0 events):
No events

Internal exceptions (20 events):
Event: 1.971 Thread 0x000001d869567150 Exception <a 'java/lang/ClassNotFoundException'{0x000000008ac65558}: org/springframework/core/PriorityOrderedCustomizer> (0x000000008ac65558) 
thrown [s\open\src\hotspot\share\classfile\systemDictionary.cpp, line 256]
Event: 1.972 Thread 0x000001d869567150 Exception <a 'java/lang/ClassNotFoundException'{0x000000008ac6a428}: org/springframework/core/OrderedCustomizer> (0x000000008ac6a428) 
thrown [s\open\src\hotspot\share\classfile\systemDictionary.cpp, line 256]
Event: 1.973 Thread 0x000001d869567150 Exception <a 'java/lang/ClassNotFoundException'{0x000000008ac70670}: org/springframework/context/ResourceLoaderAwareCustomizer> (0x000000008ac70670) 
thrown [s\open\src\hotspot\share\classfile\systemDictionary.cpp, line 256]
Event: 1.974 Thread 0x000001d869567150 Exception <a 'java/lang/ClassNotFoundException'{0x000000008ac76990}: org/springframework/beans/factory/AwareCustomizer> (0x000000008ac76990) 
thrown [s\open\src\hotspot\share\classfile\systemDictionary.cpp, line 256]
Event: 1.975 Thread 0x000001d869567150 Exception <a 'java/lang/ClassNotFoundException'{0x000000008ac7bd48}: org/springframework/context/ApplicationStartupAwareCustomizer> (0x000000008ac7bd48) 
thrown [s\open\src\hotspot\share\classfile\systemDictionary.cpp, line 256]
Event: 1.976 Thread 0x000001d869567150 Exception <a 'java/lang/ClassNotFoundException'{0x000000008ac822f0}: org/springframework/beans/factory/AwareCustomizer> (0x000000008ac822f0) 
thrown [s\open\src\hotspot\share\classfile\systemDictionary.cpp, line 256]
Event: 1.977 Thread 0x000001d869567150 Exception <a 'java/lang/ClassNotFoundException'{0x000000008ac87760}: org/springframework/beans/factory/BeanClassLoaderAwareCustomizer> (0x000000008ac87760) 
thrown [s\open\src\hotspot\share\classfile\systemDictionary.cpp, line 256]
Event: 1.978 Thread 0x000001d869567150 Exception <a 'java/lang/ClassNotFoundException'{0x000000008ac8da68}: org/springframework/beans/factory/AwareCustomizer> (0x000000008ac8da68) 
thrown [s\open\src\hotspot\share\classfile\systemDictionary.cpp, line 256]
Event: 1.979 Thread 0x000001d869567150 Exception <a 'java/lang/ClassNotFoundException'{0x000000008ac92b58}: org/springframework/context/EnvironmentAwareCustomizer> (0x000000008ac92b58) 
thrown [s\open\src\hotspot\share\classfile\systemDictionary.cpp, line 256]
Event: 1.980 Thread 0x000001d869567150 Exception <a 'java/lang/ClassNotFoundException'{0x000000008ac98df8}: org/springframework/beans/factory/AwareCustomizer> (0x000000008ac98df8) 
thrown [s\open\src\hotspot\share\classfile\systemDictionary.cpp, line 256]
Event: 2.080 Thread 0x000001d87cd3b090 Exception <a 'java/lang/NoSuchMethodError'{0x000000008a81d488}: static [B.<clinit>()V> (0x000000008a81d488) 
thrown [s\open\src\hotspot\share\prims\jni.cpp, line 1107]
Event: 2.091 Thread 0x000001d87ce2ab80 Exception <a 'java/lang/NoSuchMethodError'{0x000000008a71d710}: 'java.lang.Object java.lang.invoke.Invokers$Holder.linkToTargetMethod(java.lang.Object, long, java.lang.Object)'> (0x000000008a71d710) 
thrown [s\open\src\hotspot\share\interpreter\linkResolver.cpp, line 759]
Event: 2.092 Thread 0x000001d87cd3b090 Exception <a 'java/lang/ClassNotFoundException'{0x000000008a8eb820}: javax/management/remote/rmi/RMIConnectionImpl_Skel> (0x000000008a8eb820) 
thrown [s\open\src\hotspot\share\classfile\systemDictionary.cpp, line 256]
Event: 2.109 Thread 0x000001d87cd3b090 Exception <a 'java/lang/reflect/InvocationTargetException'{0x000000008a751580}> (0x000000008a751580) 
thrown [s\open\src\hotspot\share\runtime\reflection.cpp, line 1121]
Event: 2.113 Thread 0x000001d87cd3b090 Exception <a 'java/lang/NoSuchMethodError'{0x000000008a7fb1d0}: static [Ljava/lang/StackTraceElement;.<clinit>()V> (0x000000008a7fb1d0) 
thrown [s\open\src\hotspot\share\prims\jni.cpp, line 1107]
Event: 2.155 Thread 0x000001d87cde1e80 Exception <a 'java/lang/NoClassDefFoundError'{0x000000008a4ca2b0}: org/springframework/web/method/support/HandlerMethodArgumentResolver> (0x000000008a4ca2b0) 
thrown [s\open\src\hotspot\share\classfile\systemDictionary.cpp, line 245]
Event: 2.159 Thread 0x000001d87cde1e80 Exception <a 'java/lang/NoClassDefFoundError'{0x000000008a4fec68}: javax/servlet/http/HttpServlet> (0x000000008a4fec68) 
thrown [s\open\src\hotspot\share\classfile\systemDictionary.cpp, line 245]
Event: 2.179 Thread 0x000001d869567150 Exception <a 'java/lang/IncompatibleClassChangeError'{0x000000008a25bb90}: Found class java.lang.Object, but interface was expected> (0x000000008a25bb90) 
thrown [s\open\src\hotspot\share\interpreter\linkResolver.cpp, line 826]
Event: 2.203 Thread 0x000001d869567150 Exception <a 'java/lang/NoSuchMethodError'{0x000000008a1980b0}: 'void java.lang.invoke.DirectMethodHandle$Holder.invokeInterface(java.lang.Object, java.lang.Object, java.lang.Object, java.lang.Object)'> (0x000000008a1980b0) 
thrown [s\open\src\hotspot\share\interpreter\linkResolver.cpp, line 759]
Event: 2.244 Thread 0x000001d869567150 Exception <a 'sun/nio/fs/WindowsException'{0x0000000089f31b20}> (0x0000000089f31b20) 
thrown [s\open\src\hotspot\share\prims\jni.cpp, line 516]

VM Operations (20 events):
Event: 1.219 Executing VM operation: HandshakeAllThreads
Event: 1.219 Executing VM operation: HandshakeAllThreads done
Event: 1.282 Executing VM operation: G1CollectForAllocation
Event: 1.291 Executing VM operation: G1CollectForAllocation done
Event: 1.885 Executing VM operation: HandshakeAllThreads
Event: 1.885 Executing VM operation: HandshakeAllThreads done
Event: 1.887 Executing VM operation: ICBufferFull
Event: 1.888 Executing VM operation: ICBufferFull done
Event: 1.888 Executing VM operation: G1CollectForAllocation
Event: 1.894 Executing VM operation: G1CollectForAllocation done
Event: 1.920 Executing VM operation: HandshakeAllThreads
Event: 1.920 Executing VM operation: HandshakeAllThreads done
Event: 1.925 Executing VM operation: HandshakeAllThreads
Event: 1.925 Executing VM operation: HandshakeAllThreads done
Event: 1.956 Executing VM operation: HandshakeAllThreads
Event: 1.956 Executing VM operation: HandshakeAllThreads done
Event: 2.002 Executing VM operation: HandshakeAllThreads
Event: 2.002 Executing VM operation: HandshakeAllThreads done
Event: 2.091 Executing VM operation: HandshakeAllThreads
Event: 2.091 Executing VM operation: HandshakeAllThreads done

Events (20 events):
Event: 2.240 loading class javax/naming/NamingException
Event: 2.241 loading class javax/naming/NamingException done
Event: 2.241 loading class javax/naming/InitialContext
Event: 2.241 loading class javax/naming/InitialContext done
Event: 2.241 loading class com/sun/naming/internal/ResourceManager
Event: 2.242 loading class com/sun/naming/internal/ResourceManager done
Event: 2.242 loading class com/sun/naming/internal/VersionHelper
Event: 2.242 loading class com/sun/naming/internal/VersionHelper done
Event: 2.243 loading class com/sun/naming/internal/VersionHelper$InputStreamEnumeration
Event: 2.243 loading class javax/naming/NamingEnumeration
Event: 2.243 loading class javax/naming/NamingEnumeration done
Event: 2.243 loading class com/sun/naming/internal/VersionHelper$InputStreamEnumeration done
Event: 2.244 loading class sun/nio/fs/WindowsException
Event: 2.244 loading class sun/nio/fs/WindowsException done
Event: 2.244 loading class java/util/Hashtable$KeySet
Event: 2.244 loading class java/util/Hashtable$KeySet done
Event: 2.244 loading class javax/naming/spi/NamingManager
Event: 2.245 loading class javax/naming/spi/NamingManager done
Event: 2.245 loading class javax/naming/NoInitialContextException
Event: 2.245 loading class javax/naming/NoInitialContextException done


Dynamic libraries:
0x00007ff6d26c0000 - 0x00007ff6d26d0000 	C:\Program Files\Java\jdk-17\bin\java.exe
0x00007ffe34a50000 - 0x00007ffe34c67000 	C:\WINDOWS\SYSTEM32\ntdll.dll
0x00007ffe33730000 - 0x00007ffe337f4000 	C:\WINDOWS\System32\KERNEL32.DLL
0x00007ffe31f70000 - 0x00007ffe32316000 	C:\WINDOWS\System32\KERNELBASE.dll
0x00007ffe32680000 - 0x00007ffe32791000 	C:\WINDOWS\System32\ucrtbase.dll
0x00007ffe1a770000 - 0x00007ffe1a78b000 	C:\Program Files\Java\jdk-17\bin\VCRUNTIME140.dll
0x00007ffe1ab30000 - 0x00007ffe1ab49000 	C:\Program Files\Java\jdk-17\bin\jli.dll
0x00007ffe346a0000 - 0x00007ffe34753000 	C:\WINDOWS\System32\ADVAPI32.dll
0x00007ffe34960000 - 0x00007ffe34a07000 	C:\WINDOWS\System32\msvcrt.dll
0x00007ffe33680000 - 0x00007ffe33728000 	C:\WINDOWS\System32\sechost.dll
0x00007ffe32470000 - 0x00007ffe32498000 	C:\WINDOWS\System32\bcrypt.dll
0x00007ffe327b0000 - 0x00007ffe328c7000 	C:\WINDOWS\System32\RPCRT4.dll
0x00007ffe347b0000 - 0x00007ffe3495e000 	C:\WINDOWS\System32\USER32.dll
0x00007ffe32320000 - 0x00007ffe32346000 	C:\WINDOWS\System32\win32u.dll
0x00007ffe33650000 - 0x00007ffe33679000 	C:\WINDOWS\System32\GDI32.dll
0x00007ffe32350000 - 0x00007ffe32468000 	C:\WINDOWS\System32\gdi32full.dll
0x00007ffe197a0000 - 0x00007ffe19a33000 	C:\WINDOWS\WinSxS\amd64_microsoft.windows.common-controls_6595b64144ccf1df_6.0.22621.2506_none_270c5ae97388e100\COMCTL32.dll
0x00007ffe31e10000 - 0x00007ffe31eaa000 	C:\WINDOWS\System32\msvcp_win.dll
0x00007ffe2a920000 - 0x00007ffe2a92a000 	C:\WINDOWS\SYSTEM32\VERSION.dll
0x00007ffe33610000 - 0x00007ffe33641000 	C:\WINDOWS\System32\IMM32.DLL
0x00007ffe190e0000 - 0x00007ffe190ec000 	C:\Program Files\Java\jdk-17\bin\vcruntime140_1.dll
0x00007ffe185a0000 - 0x00007ffe1862e000 	C:\Program Files\Java\jdk-17\bin\msvcp140.dll
0x00007ffdbe1b0000 - 0x00007ffdbed8d000 	C:\Program Files\Java\jdk-17\bin\server\jvm.dll
0x00007ffe327a0000 - 0x00007ffe327a8000 	C:\WINDOWS\System32\PSAPI.DLL
0x00007ffe291c0000 - 0x00007ffe291f4000 	C:\WINDOWS\SYSTEM32\WINMM.dll
0x00007ffe182f0000 - 0x00007ffe182f9000 	C:\WINDOWS\SYSTEM32\WSOCK32.dll
0x00007ffe33520000 - 0x00007ffe33591000 	C:\WINDOWS\System32\WS2_32.dll
0x00007ffe30d80000 - 0x00007ffe30d98000 	C:\WINDOWS\SYSTEM32\kernel.appcore.dll
0x00007ffe190d0000 - 0x00007ffe190da000 	C:\Program Files\Java\jdk-17\bin\jimage.dll
0x00007ffe2f680000 - 0x00007ffe2f8b3000 	C:\WINDOWS\SYSTEM32\DBGHELP.DLL
0x00007ffe33f50000 - 0x00007ffe342d9000 	C:\WINDOWS\System32\combase.dll
0x00007ffe328d0000 - 0x00007ffe329a7000 	C:\WINDOWS\System32\OLEAUT32.dll
0x00007ffe2e6a0000 - 0x00007ffe2e6d2000 	C:\WINDOWS\SYSTEM32\dbgcore.DLL
0x00007ffe31d90000 - 0x00007ffe31e0a000 	C:\WINDOWS\System32\bcryptPrimitives.dll
0x00007ffe2ca60000 - 0x00007ffe2ca6e000 	C:\Program Files\Java\jdk-17\bin\instrument.dll
0x00007ffe190a0000 - 0x00007ffe190c5000 	C:\Program Files\Java\jdk-17\bin\java.dll
0x00007ffdbde90000 - 0x00007ffdbdf67000 	C:\Program Files\Java\jdk-17\bin\jsvml.dll
0x00007ffe32cc0000 - 0x00007ffe3351a000 	C:\WINDOWS\System32\SHELL32.dll
0x00007ffe2fc90000 - 0x00007ffe30586000 	C:\WINDOWS\SYSTEM32\windows.storage.dll
0x00007ffe2fb50000 - 0x00007ffe2fc8e000 	C:\WINDOWS\SYSTEM32\wintypes.dll
0x00007ffe32bc0000 - 0x00007ffe32cb3000 	C:\WINDOWS\System32\SHCORE.dll
0x00007ffe335a0000 - 0x00007ffe335fe000 	C:\WINDOWS\System32\shlwapi.dll
0x00007ffe31cc0000 - 0x00007ffe31ce6000 	C:\WINDOWS\SYSTEM32\profapi.dll
0x00007ffe182d0000 - 0x00007ffe182e8000 	C:\Program Files\Java\jdk-17\bin\zip.dll
0x00007ffe19050000 - 0x00007ffe19069000 	C:\Program Files\Java\jdk-17\bin\net.dll
0x00007ffe2cb20000 - 0x00007ffe2cc57000 	C:\WINDOWS\SYSTEM32\WINHTTP.dll
0x00007ffe31220000 - 0x00007ffe31289000 	C:\WINDOWS\system32\mswsock.dll
0x00007ffe19030000 - 0x00007ffe19046000 	C:\Program Files\Java\jdk-17\bin\nio.dll
0x00007ffe2ab30000 - 0x00007ffe2ab4a000 	C:\Program Files\JetBrains\IntelliJ IDEA 2022.2.2\bin\breakgen64.dll
0x00007ffe30860000 - 0x00007ffe30959000 	C:\WINDOWS\SYSTEM32\DNSAPI.dll
0x00007ffe307f0000 - 0x00007ffe3081d000 	C:\WINDOWS\SYSTEM32\IPHLPAPI.DLL
0x00007ffe33600000 - 0x00007ffe33609000 	C:\WINDOWS\System32\NSI.dll
0x00007ffe28410000 - 0x00007ffe2841a000 	C:\Windows\System32\rasadhlp.dll
0x00007ffe25a40000 - 0x00007ffe25ac3000 	C:\WINDOWS\System32\fwpuclnt.dll
0x00007ffe2ca50000 - 0x00007ffe2ca5a000 	C:\Program Files\Java\jdk-17\bin\management.dll
0x00007ffe2c8b0000 - 0x00007ffe2c8bb000 	C:\Program Files\Java\jdk-17\bin\management_ext.dll
0x00007ffe31490000 - 0x00007ffe314ab000 	C:\WINDOWS\SYSTEM32\CRYPTSP.dll
0x00007ffe30ce0000 - 0x00007ffe30d15000 	C:\WINDOWS\system32\rsaenh.dll
0x00007ffe31330000 - 0x00007ffe3135c000 	C:\WINDOWS\SYSTEM32\USERENV.dll
0x00007ffe314b0000 - 0x00007ffe314bc000 	C:\WINDOWS\SYSTEM32\CRYPTBASE.dll
0x00007ffe291a0000 - 0x00007ffe291b9000 	C:\WINDOWS\SYSTEM32\dhcpcsvc6.DLL
0x00007ffe29150000 - 0x00007ffe2916f000 	C:\WINDOWS\SYSTEM32\dhcpcsvc.DLL
0x00007ffe0c820000 - 0x00007ffe0c837000 	C:\WINDOWS\system32\napinsp.dll
0x00007ffe0c800000 - 0x00007ffe0c81b000 	C:\WINDOWS\system32\pnrpnsp.dll
0x00007ffe0c7e0000 - 0x00007ffe0c7f1000 	C:\WINDOWS\System32\winrnr.dll
0x00007ffe27960000 - 0x00007ffe27975000 	C:\WINDOWS\system32\wshbth.dll
0x00007ffe0c7b0000 - 0x00007ffe0c7d1000 	C:\WINDOWS\system32\nlansp_c.dll
0x00007ffe18500000 - 0x00007ffe18510000 	C:\Program Files\Java\jdk-17\bin\verify.dll

dbghelp: loaded successfully - version: 4.0.5 - missing functions: none
symbol engine: initialized successfully - sym options: 0x614 - pdb path: .;C:\Program Files\Java\jdk-17\bin;C:\WINDOWS\SYSTEM32;C:\WINDOWS\WinSxS\amd64_microsoft.windows.common-controls_6595b64144ccf1df_6.0.22621.2506_none_270c5ae97388e100;C:\Program Files\Java\jdk-17\bin\server;C:\Program Files\JetBrains\IntelliJ IDEA 2022.2.2\bin

VM Arguments:
jvm_args: -XX:TieredStopAtLevel=1 -Dspring.output.ansi.enabled=always -Dcom.sun.management.jmxremote -Dspring.jmx.enabled=true -Dspring.liveBeansView.mbeanDomain -Dspring.application.admin.enabled=true -javaagent:C:\Program Files\JetBrains\IntelliJ IDEA 2022.2.2\lib\idea_rt.jar=57448:C:\Program Files\JetBrains\IntelliJ IDEA 2022.2.2\bin -Dfile.encoding=UTF-8 
java_command: com.fastcampus.pass.PassBatchApplication
java_class_path (initial): C:\fastcampus\5\fastcampus-10project-PassBatch\out\production\classes;C:\fastcampus\5\fastcampus-10project-PassBatch\out\production\resources;C:\Users\82105\.gradle\caches\modules-2\files-2.1\org.projectlombok\lombok\1.18.24\13a394eed5c4f9efb2a6d956e2086f1d81e857d9\lombok-1.18.24.jar;C:\Users\82105\.gradle\caches\modules-2\files-2.1\org.springframework.boot\spring-boot-starter-batch\2.7.3\c99b4db710e57ede8ffbd904de35515adb325ca7\spring-boot-starter-batch-2.7.3.jar;C:\Users\82105\.gradle\caches\modules-2\files-2.1\org.springframework.boot\spring-boot-starter-data-jpa\2.7.3\23f7118584200cf9edd43140dc6252679047bee0\spring-boot-starter-data-jpa-2.7.3.jar;C:\Users\82105\.gradle\caches\modules-2\files-2.1\com.vladmihalcea\hibernate-types-52\2.19.2\94b1bcda54476e00276c61dbacd09cc066bc738b\hibernate-types-52-2.19.2.jar;C:\Users\82105\.gradle\caches\modules-2\files-2.1\org.springframework.boot\spring-boot-starter-jdbc\2.7.3\c5cfc6efad06811d5dd916e86c97989b08575b31\spring-boot-starter-jdbc-2.7.3.jar;C:\Users\82105\.gradle\caches\modules-2\files-2.1\org.springframework.boot\spring-boot-starter\2.7.3\6b0c093af667bf645cd5f49372e2a2540ae2855f\spring-boot-starter-2.7.3.jar;C:\Users\82105\.gradle\caches\modules-2\files-2.1\org.springframework.batch\spring-batch-core\4.3.6\86b8b16e53ccd167ac27bf46bea1ebce4a3dd484\spring-batch-core-4.3.6.jar;C:\Users\82105\.gradle\caches\modules-2\files-2.1\org.springframework.boot\spring-boot-starter-aop\2.7.3\b2806bdfae4cff6b82a174a68984a4cedd2d83f5\spring-boot-starter-aop-2.7.3.jar;C:\Users\82105\.gradle\caches\modules-2\files-2.1\jakarta.transaction\jakarta.transaction-api\1.3.3\c4179d48720a1e87202115fbed6089bdc4195405\jakarta.transaction-api-1.3.3.jar;C:\Users\82105\.gradle\caches\modules-2\files-2.1\jakarta.persistence\jakarta.persistence-api\2.2.3\8f6ea5daedc614f07a3654a455660145286f024e\jakarta.persistence-api-2.2.3.jar;C:\Users\82105\.gradle\caches\modules-2\files-2.1\org.hibernate\hibernate-core\5.6.10.Final\408
Launcher Type: SUN_STANDARD

[Global flags]
     intx CICompilerCount                          = 4                                         {product} {ergonomic}
     uint ConcGCThreads                            = 2                                         {product} {ergonomic}
     uint G1ConcRefinementThreads                  = 8                                         {product} {ergonomic}
   size_t G1HeapRegionSize                         = 1048576                                   {product} {ergonomic}
    uintx GCDrainStackTargetSize                   = 64                                        {product} {ergonomic}
   size_t InitialHeapSize                          = 132120576                                 {product} {ergonomic}
     bool ManagementServer                         = true                                      {product} {command line}
   size_t MarkStackSize                            = 4194304                                   {product} {ergonomic}
   size_t MaxHeapSize                              = 2095054848                                {product} {ergonomic}
   size_t MaxNewSize                               = 1256194048                                {product} {ergonomic}
   size_t MinHeapDeltaBytes                        = 1048576                                   {product} {ergonomic}
   size_t MinHeapSize                              = 8388608                                   {product} {ergonomic}
    uintx NonProfiledCodeHeapSize                  = 0                                      {pd product} {ergonomic}
     bool ProfileInterpreter                       = false                                  {pd product} {command line}
    uintx ProfiledCodeHeapSize                     = 0                                      {pd product} {ergonomic}
   size_t SoftMaxHeapSize                          = 2095054848                             {manageable} {ergonomic}
     intx TieredStopAtLevel                        = 1                                         {product} {command line}
     bool UseCompressedClassPointers               = true                           {product lp64_product} {ergonomic}
     bool UseCompressedOops                        = true                           {product lp64_product} {ergonomic}
     bool UseG1GC                                  = true                                      {product} {ergonomic}
     bool UseLargePagesIndividualAllocation        = false                                  {pd product} {ergonomic}

Logging:
Log output configuration:
 #0: stdout all=warning uptime,level,tags
 #1: stderr all=off uptime,level,tags

Environment Variables:
JAVA_HOME=C:\Program Files\Java\jdk-17
CLASSPATH=C:\Program Files\Java\jdk-17\lib
PATH=C:\Program Files\Common Files\Oracle\Java\javapath;C:\oraclexe\app\oracle\product\11.2.0\server\bin;C:\Program Files (x86)\Intel\Intel(R) Management Engine Components\iCLS\;C:\Program Files\Intel\Intel(R) Management Engine Components\iCLS\;C:\WINDOWS\system32;C:\WINDOWS;C:\WINDOWS\System32\Wbem;C:\WINDOWS\System32\WindowsPowerShell\v1.0\;C:\WINDOWS\System32\OpenSSH\;C:\Program Files (x86)\Intel\Intel(R) Management Engine Components\DAL;C:\Program Files\Intel\Intel(R) Management Engine Components\DAL;C:\Program Files (x86)\PuTTY\;C:\Program Files\Java\jdk-17\bin;C:\Program Files\Git\cmd;C:\MinGW\bin;C:\Program Files\nodejs\;C:\Bitnami\wampstack-8.0.5-0\mysql\bin;C:\dev\apache-maven-3.8.5\bin;C:\dev\gradle-7.4\bin;C:\Program Files\PuTTY\;%LOCALAPPDATA%\Android\Sdk\platform-tools;C:\Program Files (x86)\GnuWin32\bin;;C:\Program Files\Docker\Docker\resources\bin;C:\Program Files\MySQL\MySQL Shell 8.0\bin\;C:\Users\82105\anaconda3;C:\Users\82105\anaconda3\Library\mingw-w64\bin;C:\Users\82105\anaconda3\Library\usr\bin;C:\Users\82105\anaconda3\Library\bin;C:\Users\82105\anaconda3\Scripts;C:\Python39\Scripts\;C:\Python39\;C:\Users\82105\AppData\Local\Microsoft\WindowsApps;C:\Program Files\Multipass\bin;"C:\Program Files\JetBrains\IntelliJ IDEA Community Edition 2021.3.1\bin;C:\Windows\System32";;C:\Users\82105\AppData\Local\Programs\Microsoft VS Code\bin;C:\Users\82105\AppData\Roaming\npm;C:\Users\82105\AppData\Local\Google\Cloud SDK\google-cloud-sdk\bin;C:\Users\82105\AppData\Local\GitHubDesktop\bin;C:\Program Files (x86)\Nmap
USERNAME=82105
OS=Windows_NT
PROCESSOR_IDENTIFIER=Intel64 Family 6 Model 142 Stepping 12, GenuineIntel



---------------  S Y S T E M  ---------------

OS:
 Windows 11 , 64 bit Build 22621 (10.0.22621.2506)
OS uptime: 0 days 1:04 hours
Hyper-V role detected

CPU: total 8 (initial active 8) (4 cores per cpu, 2 threads per core) family 6 model 142 stepping 12 microcode 0xde, cx8, cmov, fxsr, ht, mmx, 3dnowpref, sse, sse2, sse3, ssse3, sse4.1, sse4.2, popcnt, lzcnt, tsc, tscinvbit, avx, avx2, aes, erms, clmul, bmi1, bmi2, adx, fma, vzeroupper, clflush, clflushopt, hv

Memory: 4k page, system-wide physical 7986M (368M free)
TotalPageFile size 16178M (AvailPageFile size 0M)
current process WorkingSet (physical memory assigned to process): 96M, peak: 96M
current process commit charge ("private bytes"): 232M, peak: 232M

vm_info: Java HotSpot(TM) 64-Bit Server VM (17.0.7+8-LTS-224) for windows-amd64 JRE (17.0.7+8-LTS-224), built on Feb 28 2023 23:03:02 by "mach5one" with MS VC++ 17.1 (VS2022)

END.
